C51 COMPILER V9.54   FUNCTION                                                              01/03/2024 22:42:16 PAGE 1   


C51 COMPILER V9.54, COMPILATION OF MODULE FUNCTION
OBJECT MODULE PLACED IN .\Objects\function.obj
COMPILER INVOKED BY: C:\Users\Bela viro\Desktop\keil_C51\C51\BIN\C51.EXE function.c OPTIMIZE(8,SPEED) BROWSE DEBUG OBJEC
                    -TEXTEND PRINT(.\Listings\function.lst) TABS(2) OBJECT(.\Objects\function.obj)

line level    source

   1          #include <REGX52.H>
   2          #include <INTRINS.H>
   3          //延迟函数
   4          unsigned int Delay(unsigned int xms)    //@11.0592MHz
   5          {
   6   1        unsigned char i, j;
   7   1        while(xms--){
   8   2          _nop_();
   9   2          i = 2;
  10   2          j = 199;
  11   2          do
  12   2          {
  13   3            while (--j);
  14   3          } while (--i);
  15   2        }
  16   1        return 1;
  17   1      }
  18          //数码管显示
  19          void Nixie(unsigned int loc,unsigned int num){
  20   1        int numList[]= {0x3f , 0x06 , 0x5b ,0x4f , 0x66 , 0x6d ,0x7d ,0x07 , 0x7f , 0x6f ,0x77};
  21   1        int locList[] = {0,28,24,20,16,12,8,4,0};
  22   1        P2 = locList[loc];
  23   1        P0 = numList[num];
  24   1        Delay(1);
  25   1        P0 = 0;
  26   1        
  27   1      }
  28          //矩阵键盘
  29          unsigned char MatrixKey()
  30          {
  31   1        unsigned char KeyNumber=0;
  32   1        P1 = 0XFF;
  33   1        P1_3=0;
  34   1        if(P1_7==0){Delay(20);while(!P1_7)/*松手检测*/;Delay(20);KeyNumber=1;}
  35   1        if(P1_6==0){Delay(20);while(!P1_6);Delay(20);KeyNumber=5;}
  36   1        if(P1_5==0){Delay(20);while(!P1_5);Delay(20);KeyNumber=9;}
  37   1        if(P1_4==0){Delay(20);while(!P1_4);Delay(20);KeyNumber=13;}
  38   1         
  39   1        P1_2=0;
  40   1        if(P1_7==0){Delay(20);while(!P1_7);Delay(20);KeyNumber=2;}
  41   1        if(P1_6==0){Delay(20);while(!P1_6);Delay(20);KeyNumber=6;}
  42   1        if(P1_5==0){Delay(20);while(!P1_5);Delay(20);KeyNumber=10;}
  43   1        if(P1_4==0){Delay(20);while(!P1_4);Delay(20);KeyNumber=14;}
  44   1        
  45   1        P1 = 0XFF;
  46   1        P1_1=0;
  47   1        if(P1_7==0){Delay(20);while(!P1_7);Delay(20);KeyNumber=3;}
  48   1        if(P1_6==0){Delay(20);while(!P1_6);Delay(20);KeyNumber=7;}
  49   1        if(P1_5==0){Delay(20);while(!P1_5);Delay(20);KeyNumber=11;}
  50   1        if(P1_4==0){Delay(20);while(!P1_4);Delay(20);KeyNumber=15;}
  51   1        
  52   1        P1 = 0XFF;
  53   1        P1_0=0;
  54   1        if(P1_7==0){Delay(20);while(!P1_7);Delay(20);KeyNumber=4;}
C51 COMPILER V9.54   FUNCTION                                                              01/03/2024 22:42:16 PAGE 2   

  55   1        if(P1_6==0){Delay(20);while(!P1_6);Delay(20);KeyNumber=8;}
  56   1        if(P1_5==0){Delay(20);while(!P1_5);Delay(20);KeyNumber=12;}
  57   1        if(P1_4==0){Delay(20);while(!P1_4);Delay(20);KeyNumber=16;}
  58   1       
  59   1        return KeyNumber;
  60   1      }
  61          
  62          //蜂鸣器端口：
  63          sbit Buzzer=P2^5;
  64          /**
  65            * @brief  蜂鸣器私有延时函数，延时500us
  66            * @param  无
  67            * @retval 无
  68            */
  69          void Buzzer_Delay500us()    //@12.000MHz
  70          {
  71   1        unsigned char i;
  72   1      
  73   1        _nop_();
  74   1        i = 100;
  75   1        while (--i);
  76   1      }
  77          /**
  78            * @brief  蜂鸣器发声
  79            * @param  ms 发声的时长，范围：0~32767
  80            * @retval 无
  81            */
  82          void Buzzer_Time(unsigned int ms)
  83          {
  84   1        unsigned int i;
  85   1        for(i=0;i<ms*2;i++)
  86   1        {
  87   2          Buzzer=!Buzzer;
  88   2          Buzzer_Delay500us();
  89   2        }
  90   1      }
  91          
  92          void Buzzer_Time_result(unsigned int ms)
  93          {
  94   1        unsigned int i;
  95   1        for(i=0;i<ms*2;i++)
  96   1        {
  97   2          Buzzer=!Buzzer;
  98   2          {
  99   3            unsigned char a;
 100   3            _nop_();
 101   3            a = 2470;
 102   3            while (--a);
 103   3          }
 104   2        }
 105   1      }


MODULE INFORMATION:   STATIC OVERLAYABLE
   CODE SIZE        =    436    ----
   CONSTANT SIZE    =     40    ----
   XDATA SIZE       =   ----    ----
   PDATA SIZE       =   ----    ----
   DATA SIZE        =   ----      45
   IDATA SIZE       =   ----    ----
   BIT SIZE         =   ----    ----
END OF MODULE INFORMATION.

C51 COMPILER V9.54   FUNCTION                                                              01/03/2024 22:42:16 PAGE 3   


C51 COMPILATION COMPLETE.  0 WARNING(S),  0 ERROR(S)
