C51 COMPILER V9.54   MAIN                                                                  01/03/2024 22:50:35 PAGE 1   


C51 COMPILER V9.54, COMPILATION OF MODULE MAIN
OBJECT MODULE PLACED IN .\Objects\main.obj
COMPILER INVOKED BY: C:\Users\Bela viro\Desktop\keil_C51\C51\BIN\C51.EXE main.c OPTIMIZE(8,SPEED) BROWSE DEBUG OBJECTEXT
                    -END PRINT(.\Listings\main.lst) TABS(2) OBJECT(.\Objects\main.obj)

line level    source

   1          #include <REGX52.H>
   2          #include <INTRINS.H>
   3          #include "function.h"
   4          #include "Timer0.h"
   5          #define s_loc 1
   6          #define g_loc 2
   7          
   8          unsigned char KeyNum;
   9          unsigned char i;
  10          unsigned long T0Count;
  11          unsigned int s,g,cnt;
  12          void main(){
  13   1        Timer0Init();
  14   1        while(1){
  15   2          if(!P1_0){
  16   3            while(!P1_0) Buzzer_Time(100);
  17   3            g++;
  18   3            if(g==10){
  19   4              s++;
  20   4              g=0;
  21   4            }else if(s==9 && g==9){
  22   4              s = 0;
  23   4              g = 0;
  24   4            }
  25   3            Delay(50);
  26   3          }
  27   2          if(!P3_1){
  28   3            while(!P3_1);
  29   3            s = 0;
  30   3            g = 0;
  31   3          }
  32   2        }
  33   1      }
  34          void Timer0_Routine() interrupt 1
  35          {
  36   1        static unsigned int T0Count;
  37   1        TL0 = 0x18;   //设置定时初值
  38   1        TH0 = 0xFC;   //设置定时初值
  39   1        T0Count++;
  40   1        if(T0Count>=5)
  41   1        {
  42   2          Nixie(s_loc,s);Nixie(g_loc,g);
  43   2          T0Count=0;
  44   2        }
  45   1      }


MODULE INFORMATION:   STATIC OVERLAYABLE
   CODE SIZE        =    198    ----
   CONSTANT SIZE    =   ----    ----
   XDATA SIZE       =   ----    ----
   PDATA SIZE       =   ----    ----
   DATA SIZE        =     14    ----
   IDATA SIZE       =   ----    ----
C51 COMPILER V9.54   MAIN                                                                  01/03/2024 22:50:35 PAGE 2   

   BIT SIZE         =   ----    ----
END OF MODULE INFORMATION.


C51 COMPILATION COMPLETE.  0 WARNING(S),  0 ERROR(S)
